2023-12-09T11:42:26+00:00 DEBUG POST: https://ads.tiktok.com/marketing_api/api/developer/app/create_auto_approve/

{"business_platform":"PROD","smb_id":"tt4b_woocommerce_657452a238032httplocalhost81satawp-admin","smb_name":"PROD","redirect_url":"http:\/\/localhost:81\/sata\/wp-admin\/"}
 ajax: no
2023-12-09T11:42:26+00:00 DEBUG Tt4b_Mapi_Class::create_open_source_app: Response: 

HTTP/1.1 200 OK
Content-Type: application/json
X-Tt-Logid: 202312091142258CCCDEB1C73C3D35AEC3,202312091142258CCCDEB1C73C3D35AEC3
Strict-Transport-Security: max-age=31536000; includeSubDomains
x-tt-trace-host: 0139c2e857eba0cbc844fe820e5636e0ea8768971263641ac2015e4ac3784fa30b6520192c2f25da2eac9a606a4fcfb5889a402a95cfd0c60bb846f7ac001087a8b45cd44d437cc09ec6113d560b2fcacb411e506a8e861c83786e95cebfef66f80d3c9c246f8e18797d7f37582dc1ac13
x-tt-trace-id: 00-2312091142258CCCDEB1C73C3D35AEC3-712443F00859DC14-00
Server: TLB
Content-Encoding: gzip
Content-Length: 205
X-Origin-Response-Time: 117,23.40.40.159
X-Akamai-Request-ID: 8333ec9c.1db3ed27
Date: Sat, 09 Dec 2023 11:42:27 GMT
X-Cache: TCP_MISS from a23-202-89-100.deploy.akamaitechnologies.com (AkamaiGHost/11.3.2.1-52518411) (-)
Connection: close
Vary: Accept-Encoding
X-Cache-Remote: TCP_MISS from a23-40-40-159.deploy.akamaitechnologies.com (AkamaiGHost/11.3.2.1-52518411) (-)
x-tt-trace-tag: id=16;cdn-cache=miss;type=dyn
Server-Timing: cdn-cache; desc=MISS, edge; dur=44, origin; dur=117
Server-Timing: inner; dur=112
X-Parent-Response-Time: 159,23.202.89.100

{"code":0,"msg":"ok","data":{"external_data_key":"073e22bf-0447-4f6f-99f1-5410af13fee8","redirect_uri":"http:\/\/localhost:81\/sata\/wp-admin\/","app_secret":"caa43903e4e1aab5f4d66221879f052c7f826502","app_id":"7310558955053252609"}}

